<?xml version="1.0" encoding="UTF-8"?>
<robot generator="Robot 6.1.1 (Python 3.10.12 on linux)" generated="20241118 23:52:08.039" rpa="false" schemaversion="4">
<suite id="s1" name="Tests" source="/home/kuussant/palautusrepositorio2/viikko3/web-login/src/tests">
<suite id="s1-s1" name="Home" source="/home/kuussant/palautusrepositorio2/viikko3/web-login/src/tests/home.robot">
<kw name="Open And Configure Browser" library="resource" type="SETUP">
<if>
<branch type="IF" condition="$BROWSER == 'chrome'">
<kw name="Evaluate" library="BuiltIn">
<var>${options}</var>
<arg>sys.modules['selenium.webdriver'].ChromeOptions()</arg>
<arg>sys</arg>
<doc>Evaluates the given expression in Python and returns the result.</doc>
<msg timestamp="20241118 23:52:08.262" level="INFO">${options} = &lt;selenium.webdriver.chrome.options.Options object at 0x7ce2e7dc3df0&gt;</msg>
<status status="PASS" starttime="20241118 23:52:08.261" endtime="20241118 23:52:08.262"/>
</kw>
<status status="PASS" starttime="20241118 23:52:08.246" endtime="20241118 23:52:08.262"/>
</branch>
<branch type="ELSE IF" condition="$BROWSER == 'firefox'">
<kw name="Evaluate" library="BuiltIn">
<var>${options}</var>
<arg>sys.modules['selenium.webdriver'].FirefoxOptions()</arg>
<arg>sys</arg>
<doc>Evaluates the given expression in Python and returns the result.</doc>
<status status="NOT RUN" starttime="20241118 23:52:08.262" endtime="20241118 23:52:08.262"/>
</kw>
<status status="NOT RUN" starttime="20241118 23:52:08.262" endtime="20241118 23:52:08.262"/>
</branch>
<status status="PASS" starttime="20241118 23:52:08.246" endtime="20241118 23:52:08.262"/>
</if>
<if>
<branch type="IF" condition="$HEADLESS == 'true'">
<kw name="Set Selenium Speed" library="SeleniumLibrary">
<arg>0</arg>
<doc>Sets the delay that is waited after each Selenium command.</doc>
<status status="NOT RUN" starttime="20241118 23:52:08.262" endtime="20241118 23:52:08.262"/>
</kw>
<kw name="Call Method" library="BuiltIn">
<arg>${options}</arg>
<arg>add_argument</arg>
<arg>--headless</arg>
<doc>Calls the named method of the given object with the provided arguments.</doc>
<status status="NOT RUN" starttime="20241118 23:52:08.262" endtime="20241118 23:52:08.262"/>
</kw>
<status status="NOT RUN" starttime="20241118 23:52:08.262" endtime="20241118 23:52:08.262"/>
</branch>
<branch type="ELSE">
<kw name="Set Selenium Speed" library="SeleniumLibrary">
<arg>${DELAY}</arg>
<doc>Sets the delay that is waited after each Selenium command.</doc>
<status status="PASS" starttime="20241118 23:52:08.262" endtime="20241118 23:52:08.263"/>
</kw>
<status status="PASS" starttime="20241118 23:52:08.262" endtime="20241118 23:52:08.263"/>
</branch>
<status status="PASS" starttime="20241118 23:52:08.262" endtime="20241118 23:52:08.263"/>
</if>
<kw name="Open Browser" library="SeleniumLibrary">
<arg>browser=${BROWSER}</arg>
<arg>options=${options}</arg>
<doc>Opens a new browser instance to the optional ``url``.</doc>
<msg timestamp="20241118 23:52:08.263" level="INFO">Opening browser 'chrome' to base url 'None'.</msg>
<msg timestamp="20241118 23:52:08.311" level="WARN">The chromedriver version (130.0.6723.91) detected in PATH at /usr/bin/chromedriver might not be compatible with the detected chrome version (131.0.6778.69); currently, chromedriver 131.0.6778.69 is recommended for chrome 131.*, so it is advised to delete the driver in PATH and retry</msg>
<status status="PASS" starttime="20241118 23:52:08.263" endtime="20241118 23:52:08.884"/>
</kw>
<status status="PASS" starttime="20241118 23:52:08.246" endtime="20241118 23:52:08.884"/>
</kw>
<test id="s1-s1-t1" name="Click Login Link" line="8">
<kw name="Reset Application And Go To Starting Page" type="SETUP">
<kw name="Reset Application" library="AppLibrary">
<status status="PASS" starttime="20241118 23:52:08.886" endtime="20241118 23:52:08.894"/>
</kw>
<kw name="Go To Starting Page" library="resource">
<kw name="Go To" library="SeleniumLibrary">
<arg>${HOME_URL}</arg>
<doc>Navigates the current browser window to the provided ``url``.</doc>
<msg timestamp="20241118 23:52:08.895" level="INFO">Opening url 'http://localhost:5001'</msg>
<status status="PASS" starttime="20241118 23:52:08.895" endtime="20241118 23:52:09.451"/>
</kw>
<status status="PASS" starttime="20241118 23:52:08.895" endtime="20241118 23:52:09.451"/>
</kw>
<status status="PASS" starttime="20241118 23:52:08.886" endtime="20241118 23:52:09.451"/>
</kw>
<kw name="Click Link" library="SeleniumLibrary">
<arg>Login</arg>
<doc>Clicks a link identified by ``locator``.</doc>
<msg timestamp="20241118 23:52:09.453" level="INFO">Clicking link 'Login'.</msg>
<status status="PASS" starttime="20241118 23:52:09.452" endtime="20241118 23:52:11.041"/>
</kw>
<kw name="Login Page Should Be Open" library="resource">
<kw name="Title Should Be" library="SeleniumLibrary">
<arg>Login</arg>
<doc>Verifies that the current page title equals ``title``.</doc>
<msg timestamp="20241118 23:52:11.550" level="INFO">Page title is 'Login'.</msg>
<status status="PASS" starttime="20241118 23:52:11.043" endtime="20241118 23:52:11.550"/>
</kw>
<status status="PASS" starttime="20241118 23:52:11.042" endtime="20241118 23:52:11.550"/>
</kw>
<status status="PASS" starttime="20241118 23:52:08.884" endtime="20241118 23:52:11.551"/>
</test>
<test id="s1-s1-t2" name="Click Register Link" line="12">
<kw name="Reset Application And Go To Starting Page" type="SETUP">
<kw name="Reset Application" library="AppLibrary">
<status status="PASS" starttime="20241118 23:52:11.553" endtime="20241118 23:52:11.560"/>
</kw>
<kw name="Go To Starting Page" library="resource">
<kw name="Go To" library="SeleniumLibrary">
<arg>${HOME_URL}</arg>
<doc>Navigates the current browser window to the provided ``url``.</doc>
<msg timestamp="20241118 23:52:11.562" level="INFO">Opening url 'http://localhost:5001'</msg>
<status status="PASS" starttime="20241118 23:52:11.561" endtime="20241118 23:52:12.107"/>
</kw>
<status status="PASS" starttime="20241118 23:52:11.560" endtime="20241118 23:52:12.107"/>
</kw>
<status status="PASS" starttime="20241118 23:52:11.552" endtime="20241118 23:52:12.107"/>
</kw>
<kw name="Click Link" library="SeleniumLibrary">
<arg>Register new user</arg>
<doc>Clicks a link identified by ``locator``.</doc>
<msg timestamp="20241118 23:52:12.108" level="INFO">Clicking link 'Register new user'.</msg>
<status status="PASS" starttime="20241118 23:52:12.107" endtime="20241118 23:52:13.679"/>
</kw>
<kw name="Register Page Should Be Open" library="resource">
<kw name="Title Should Be" library="SeleniumLibrary">
<arg>Register</arg>
<doc>Verifies that the current page title equals ``title``.</doc>
<msg timestamp="20241118 23:52:14.188" level="INFO">Page title is 'Register'.</msg>
<status status="PASS" starttime="20241118 23:52:13.680" endtime="20241118 23:52:14.188"/>
</kw>
<status status="PASS" starttime="20241118 23:52:13.680" endtime="20241118 23:52:14.188"/>
</kw>
<status status="PASS" starttime="20241118 23:52:11.552" endtime="20241118 23:52:14.189"/>
</test>
<kw name="Close Browser" library="SeleniumLibrary" type="TEARDOWN">
<doc>Closes the current browser.</doc>
<status status="PASS" starttime="20241118 23:52:14.190" endtime="20241118 23:52:14.749"/>
</kw>
<status status="PASS" starttime="20241118 23:52:08.055" endtime="20241118 23:52:14.749"/>
</suite>
<suite id="s1-s2" name="Login" source="/home/kuussant/palautusrepositorio2/viikko3/web-login/src/tests/login.robot">
<kw name="Open And Configure Browser" library="resource" type="SETUP">
<if>
<branch type="IF" condition="$BROWSER == 'chrome'">
<kw name="Evaluate" library="BuiltIn">
<var>${options}</var>
<arg>sys.modules['selenium.webdriver'].ChromeOptions()</arg>
<arg>sys</arg>
<doc>Evaluates the given expression in Python and returns the result.</doc>
<msg timestamp="20241118 23:52:14.759" level="INFO">${options} = &lt;selenium.webdriver.chrome.options.Options object at 0x7ce2e76585b0&gt;</msg>
<status status="PASS" starttime="20241118 23:52:14.758" endtime="20241118 23:52:14.759"/>
</kw>
<status status="PASS" starttime="20241118 23:52:14.758" endtime="20241118 23:52:14.759"/>
</branch>
<branch type="ELSE IF" condition="$BROWSER == 'firefox'">
<kw name="Evaluate" library="BuiltIn">
<var>${options}</var>
<arg>sys.modules['selenium.webdriver'].FirefoxOptions()</arg>
<arg>sys</arg>
<doc>Evaluates the given expression in Python and returns the result.</doc>
<status status="NOT RUN" starttime="20241118 23:52:14.760" endtime="20241118 23:52:14.760"/>
</kw>
<status status="NOT RUN" starttime="20241118 23:52:14.759" endtime="20241118 23:52:14.760"/>
</branch>
<status status="PASS" starttime="20241118 23:52:14.758" endtime="20241118 23:52:14.760"/>
</if>
<if>
<branch type="IF" condition="$HEADLESS == 'true'">
<kw name="Set Selenium Speed" library="SeleniumLibrary">
<arg>0</arg>
<doc>Sets the delay that is waited after each Selenium command.</doc>
<status status="NOT RUN" starttime="20241118 23:52:14.760" endtime="20241118 23:52:14.761"/>
</kw>
<kw name="Call Method" library="BuiltIn">
<arg>${options}</arg>
<arg>add_argument</arg>
<arg>--headless</arg>
<doc>Calls the named method of the given object with the provided arguments.</doc>
<status status="NOT RUN" starttime="20241118 23:52:14.761" endtime="20241118 23:52:14.761"/>
</kw>
<status status="NOT RUN" starttime="20241118 23:52:14.760" endtime="20241118 23:52:14.761"/>
</branch>
<branch type="ELSE">
<kw name="Set Selenium Speed" library="SeleniumLibrary">
<arg>${DELAY}</arg>
<doc>Sets the delay that is waited after each Selenium command.</doc>
<status status="PASS" starttime="20241118 23:52:14.761" endtime="20241118 23:52:14.761"/>
</kw>
<status status="PASS" starttime="20241118 23:52:14.761" endtime="20241118 23:52:14.761"/>
</branch>
<status status="PASS" starttime="20241118 23:52:14.760" endtime="20241118 23:52:14.762"/>
</if>
<kw name="Open Browser" library="SeleniumLibrary">
<arg>browser=${BROWSER}</arg>
<arg>options=${options}</arg>
<doc>Opens a new browser instance to the optional ``url``.</doc>
<msg timestamp="20241118 23:52:14.763" level="INFO">Opening browser 'chrome' to base url 'None'.</msg>
<msg timestamp="20241118 23:52:14.839" level="WARN">The chromedriver version (130.0.6723.91) detected in PATH at /usr/bin/chromedriver might not be compatible with the detected chrome version (131.0.6778.69); currently, chromedriver 131.0.6778.69 is recommended for chrome 131.*, so it is advised to delete the driver in PATH and retry</msg>
<status status="PASS" starttime="20241118 23:52:14.762" endtime="20241118 23:52:15.322"/>
</kw>
<status status="PASS" starttime="20241118 23:52:14.758" endtime="20241118 23:52:15.322"/>
</kw>
<test id="s1-s2-t1" name="Login With Correct Credentials" line="8">
<kw name="Reset Application Create User And Go To Login Page" type="SETUP">
<kw name="Reset Application" library="AppLibrary">
<status status="PASS" starttime="20241118 23:52:15.323" endtime="20241118 23:52:15.327"/>
</kw>
<kw name="Create User" library="AppLibrary">
<arg>kalle</arg>
<arg>kalle123</arg>
<status status="PASS" starttime="20241118 23:52:15.327" endtime="20241118 23:52:15.335"/>
</kw>
<kw name="Go To Login Page" library="resource">
<kw name="Go To" library="SeleniumLibrary">
<arg>${LOGIN_URL}</arg>
<doc>Navigates the current browser window to the provided ``url``.</doc>
<msg timestamp="20241118 23:52:15.336" level="INFO">Opening url 'http://localhost:5001/login'</msg>
<status status="PASS" starttime="20241118 23:52:15.336" endtime="20241118 23:52:15.901"/>
</kw>
<status status="PASS" starttime="20241118 23:52:15.335" endtime="20241118 23:52:15.901"/>
</kw>
<status status="PASS" starttime="20241118 23:52:15.323" endtime="20241118 23:52:15.901"/>
</kw>
<kw name="Set Username">
<arg>kalle</arg>
<kw name="Input Text" library="SeleniumLibrary">
<arg>username</arg>
<arg>${username}</arg>
<doc>Types the given ``text`` into the text field identified by ``locator``.</doc>
<msg timestamp="20241118 23:52:15.903" level="INFO">Typing text 'kalle' into text field 'username'.</msg>
<status status="PASS" starttime="20241118 23:52:15.902" endtime="20241118 23:52:17.506"/>
</kw>
<status status="PASS" starttime="20241118 23:52:15.902" endtime="20241118 23:52:17.507"/>
</kw>
<kw name="Set Password">
<arg>kalle123</arg>
<kw name="Input Password" library="SeleniumLibrary">
<arg>password</arg>
<arg>${password}</arg>
<doc>Types the given password into the text field identified by ``locator``.</doc>
<msg timestamp="20241118 23:52:17.508" level="INFO">Typing password into text field 'password'.</msg>
<msg timestamp="20241118 23:52:18.553" level="INFO">Temporally setting log level to: NONE</msg>
<msg timestamp="20241118 23:52:19.090" level="INFO">Log level changed from NONE to INFO.</msg>
<status status="PASS" starttime="20241118 23:52:17.508" endtime="20241118 23:52:19.090"/>
</kw>
<status status="PASS" starttime="20241118 23:52:17.507" endtime="20241118 23:52:19.090"/>
</kw>
<kw name="Submit Credentials">
<kw name="Click Button" library="SeleniumLibrary">
<arg>Login</arg>
<doc>Clicks the button identified by ``locator``.</doc>
<msg timestamp="20241118 23:52:19.092" level="INFO">Clicking button 'Login'.</msg>
<status status="PASS" starttime="20241118 23:52:19.091" endtime="20241118 23:52:21.181"/>
</kw>
<status status="PASS" starttime="20241118 23:52:19.091" endtime="20241118 23:52:21.181"/>
</kw>
<kw name="Login Should Succeed">
<kw name="Main Page Should Be Open" library="resource">
<kw name="Title Should Be" library="SeleniumLibrary">
<arg>Ohtu Application main page</arg>
<doc>Verifies that the current page title equals ``title``.</doc>
<msg timestamp="20241118 23:52:21.691" level="INFO">Page title is 'Ohtu Application main page'.</msg>
<status status="PASS" starttime="20241118 23:52:21.182" endtime="20241118 23:52:21.691"/>
</kw>
<status status="PASS" starttime="20241118 23:52:21.182" endtime="20241118 23:52:21.691"/>
</kw>
<status status="PASS" starttime="20241118 23:52:21.181" endtime="20241118 23:52:21.691"/>
</kw>
<status status="PASS" starttime="20241118 23:52:15.322" endtime="20241118 23:52:21.691"/>
</test>
<test id="s1-s2-t2" name="Login With Incorrect Password" line="14">
<kw name="Reset Application Create User And Go To Login Page" type="SETUP">
<kw name="Reset Application" library="AppLibrary">
<status status="PASS" starttime="20241118 23:52:21.693" endtime="20241118 23:52:21.696"/>
</kw>
<kw name="Create User" library="AppLibrary">
<arg>kalle</arg>
<arg>kalle123</arg>
<status status="PASS" starttime="20241118 23:52:21.696" endtime="20241118 23:52:21.706"/>
</kw>
<kw name="Go To Login Page" library="resource">
<kw name="Go To" library="SeleniumLibrary">
<arg>${LOGIN_URL}</arg>
<doc>Navigates the current browser window to the provided ``url``.</doc>
<msg timestamp="20241118 23:52:21.706" level="INFO">Opening url 'http://localhost:5001/login'</msg>
<status status="PASS" starttime="20241118 23:52:21.706" endtime="20241118 23:52:22.256"/>
</kw>
<status status="PASS" starttime="20241118 23:52:21.706" endtime="20241118 23:52:22.256"/>
</kw>
<status status="PASS" starttime="20241118 23:52:21.692" endtime="20241118 23:52:22.257"/>
</kw>
<kw name="Set Username">
<arg>kalle</arg>
<kw name="Input Text" library="SeleniumLibrary">
<arg>username</arg>
<arg>${username}</arg>
<doc>Types the given ``text`` into the text field identified by ``locator``.</doc>
<msg timestamp="20241118 23:52:22.258" level="INFO">Typing text 'kalle' into text field 'username'.</msg>
<status status="PASS" starttime="20241118 23:52:22.258" endtime="20241118 23:52:23.836"/>
</kw>
<status status="PASS" starttime="20241118 23:52:22.257" endtime="20241118 23:52:23.836"/>
</kw>
<kw name="Set Password">
<arg>kalle456</arg>
<kw name="Input Password" library="SeleniumLibrary">
<arg>password</arg>
<arg>${password}</arg>
<doc>Types the given password into the text field identified by ``locator``.</doc>
<msg timestamp="20241118 23:52:23.838" level="INFO">Typing password into text field 'password'.</msg>
<msg timestamp="20241118 23:52:24.874" level="INFO">Temporally setting log level to: NONE</msg>
<msg timestamp="20241118 23:52:25.409" level="INFO">Log level changed from NONE to INFO.</msg>
<status status="PASS" starttime="20241118 23:52:23.837" endtime="20241118 23:52:25.409"/>
</kw>
<status status="PASS" starttime="20241118 23:52:23.836" endtime="20241118 23:52:25.410"/>
</kw>
<kw name="Submit Credentials">
<kw name="Click Button" library="SeleniumLibrary">
<arg>Login</arg>
<doc>Clicks the button identified by ``locator``.</doc>
<msg timestamp="20241118 23:52:25.411" level="INFO">Clicking button 'Login'.</msg>
<status status="PASS" starttime="20241118 23:52:25.411" endtime="20241118 23:52:27.482"/>
</kw>
<status status="PASS" starttime="20241118 23:52:25.410" endtime="20241118 23:52:27.482"/>
</kw>
<kw name="Login Should Fail With Message">
<arg>Invalid username or password</arg>
<kw name="Login Page Should Be Open" library="resource">
<kw name="Title Should Be" library="SeleniumLibrary">
<arg>Login</arg>
<doc>Verifies that the current page title equals ``title``.</doc>
<msg timestamp="20241118 23:52:27.992" level="INFO">Page title is 'Login'.</msg>
<status status="PASS" starttime="20241118 23:52:27.484" endtime="20241118 23:52:27.992"/>
</kw>
<status status="PASS" starttime="20241118 23:52:27.483" endtime="20241118 23:52:27.992"/>
</kw>
<kw name="Page Should Contain" library="SeleniumLibrary">
<arg>${message}</arg>
<doc>Verifies that current page contains ``text``.</doc>
<msg timestamp="20241118 23:52:29.018" level="INFO">Current page contains text 'Invalid username or password'.</msg>
<status status="PASS" starttime="20241118 23:52:27.993" endtime="20241118 23:52:29.018"/>
</kw>
<status status="PASS" starttime="20241118 23:52:27.483" endtime="20241118 23:52:29.018"/>
</kw>
<status status="PASS" starttime="20241118 23:52:21.692" endtime="20241118 23:52:29.019"/>
</test>
<test id="s1-s2-t3" name="Login With Nonexistent Username" line="20">
<kw name="Reset Application Create User And Go To Login Page" type="SETUP">
<kw name="Reset Application" library="AppLibrary">
<status status="PASS" starttime="20241118 23:52:29.021" endtime="20241118 23:52:29.026"/>
</kw>
<kw name="Create User" library="AppLibrary">
<arg>kalle</arg>
<arg>kalle123</arg>
<status status="PASS" starttime="20241118 23:52:29.026" endtime="20241118 23:52:29.036"/>
</kw>
<kw name="Go To Login Page" library="resource">
<kw name="Go To" library="SeleniumLibrary">
<arg>${LOGIN_URL}</arg>
<doc>Navigates the current browser window to the provided ``url``.</doc>
<msg timestamp="20241118 23:52:29.038" level="INFO">Opening url 'http://localhost:5001/login'</msg>
<status status="PASS" starttime="20241118 23:52:29.037" endtime="20241118 23:52:29.568"/>
</kw>
<status status="PASS" starttime="20241118 23:52:29.036" endtime="20241118 23:52:29.568"/>
</kw>
<status status="PASS" starttime="20241118 23:52:29.020" endtime="20241118 23:52:29.568"/>
</kw>
<kw name="Set Username">
<arg>ellak</arg>
<kw name="Input Text" library="SeleniumLibrary">
<arg>username</arg>
<arg>${username}</arg>
<doc>Types the given ``text`` into the text field identified by ``locator``.</doc>
<msg timestamp="20241118 23:52:29.570" level="INFO">Typing text 'ellak' into text field 'username'.</msg>
<status status="PASS" starttime="20241118 23:52:29.570" endtime="20241118 23:52:31.153"/>
</kw>
<status status="PASS" starttime="20241118 23:52:29.569" endtime="20241118 23:52:31.153"/>
</kw>
<kw name="Set Password">
<arg>kalle123</arg>
<kw name="Input Password" library="SeleniumLibrary">
<arg>password</arg>
<arg>${password}</arg>
<doc>Types the given password into the text field identified by ``locator``.</doc>
<msg timestamp="20241118 23:52:31.155" level="INFO">Typing password into text field 'password'.</msg>
<msg timestamp="20241118 23:52:32.190" level="INFO">Temporally setting log level to: NONE</msg>
<msg timestamp="20241118 23:52:32.727" level="INFO">Log level changed from NONE to INFO.</msg>
<status status="PASS" starttime="20241118 23:52:31.154" endtime="20241118 23:52:32.727"/>
</kw>
<status status="PASS" starttime="20241118 23:52:31.154" endtime="20241118 23:52:32.727"/>
</kw>
<kw name="Submit Credentials">
<kw name="Click Button" library="SeleniumLibrary">
<arg>Login</arg>
<doc>Clicks the button identified by ``locator``.</doc>
<msg timestamp="20241118 23:52:32.728" level="INFO">Clicking button 'Login'.</msg>
<status status="PASS" starttime="20241118 23:52:32.728" endtime="20241118 23:52:34.796"/>
</kw>
<status status="PASS" starttime="20241118 23:52:32.728" endtime="20241118 23:52:34.796"/>
</kw>
<kw name="Login Should Fail With Message">
<arg>Invalid username or password</arg>
<kw name="Login Page Should Be Open" library="resource">
<kw name="Title Should Be" library="SeleniumLibrary">
<arg>Login</arg>
<doc>Verifies that the current page title equals ``title``.</doc>
<msg timestamp="20241118 23:52:35.306" level="INFO">Page title is 'Login'.</msg>
<status status="PASS" starttime="20241118 23:52:34.798" endtime="20241118 23:52:35.307"/>
</kw>
<status status="PASS" starttime="20241118 23:52:34.797" endtime="20241118 23:52:35.307"/>
</kw>
<kw name="Page Should Contain" library="SeleniumLibrary">
<arg>${message}</arg>
<doc>Verifies that current page contains ``text``.</doc>
<msg timestamp="20241118 23:52:36.326" level="INFO">Current page contains text 'Invalid username or password'.</msg>
<status status="PASS" starttime="20241118 23:52:35.307" endtime="20241118 23:52:36.327"/>
</kw>
<status status="PASS" starttime="20241118 23:52:34.797" endtime="20241118 23:52:36.327"/>
</kw>
<status status="PASS" starttime="20241118 23:52:29.019" endtime="20241118 23:52:36.327"/>
</test>
<kw name="Close Browser" library="SeleniumLibrary" type="TEARDOWN">
<doc>Closes the current browser.</doc>
<status status="PASS" starttime="20241118 23:52:36.328" endtime="20241118 23:52:36.886"/>
</kw>
<status status="PASS" starttime="20241118 23:52:14.751" endtime="20241118 23:52:36.886"/>
</suite>
<suite id="s1-s3" name="Register" source="/home/kuussant/palautusrepositorio2/viikko3/web-login/src/tests/register.robot">
<kw name="Open And Configure Browser" library="resource" type="SETUP">
<if>
<branch type="IF" condition="$BROWSER == 'chrome'">
<kw name="Evaluate" library="BuiltIn">
<var>${options}</var>
<arg>sys.modules['selenium.webdriver'].ChromeOptions()</arg>
<arg>sys</arg>
<doc>Evaluates the given expression in Python and returns the result.</doc>
<msg timestamp="20241118 23:52:36.895" level="INFO">${options} = &lt;selenium.webdriver.chrome.options.Options object at 0x7ce2e750ace0&gt;</msg>
<status status="PASS" starttime="20241118 23:52:36.894" endtime="20241118 23:52:36.895"/>
</kw>
<status status="PASS" starttime="20241118 23:52:36.894" endtime="20241118 23:52:36.895"/>
</branch>
<branch type="ELSE IF" condition="$BROWSER == 'firefox'">
<kw name="Evaluate" library="BuiltIn">
<var>${options}</var>
<arg>sys.modules['selenium.webdriver'].FirefoxOptions()</arg>
<arg>sys</arg>
<doc>Evaluates the given expression in Python and returns the result.</doc>
<status status="NOT RUN" starttime="20241118 23:52:36.895" endtime="20241118 23:52:36.895"/>
</kw>
<status status="NOT RUN" starttime="20241118 23:52:36.895" endtime="20241118 23:52:36.895"/>
</branch>
<status status="PASS" starttime="20241118 23:52:36.894" endtime="20241118 23:52:36.895"/>
</if>
<if>
<branch type="IF" condition="$HEADLESS == 'true'">
<kw name="Set Selenium Speed" library="SeleniumLibrary">
<arg>0</arg>
<doc>Sets the delay that is waited after each Selenium command.</doc>
<status status="NOT RUN" starttime="20241118 23:52:36.896" endtime="20241118 23:52:36.896"/>
</kw>
<kw name="Call Method" library="BuiltIn">
<arg>${options}</arg>
<arg>add_argument</arg>
<arg>--headless</arg>
<doc>Calls the named method of the given object with the provided arguments.</doc>
<status status="NOT RUN" starttime="20241118 23:52:36.896" endtime="20241118 23:52:36.896"/>
</kw>
<status status="NOT RUN" starttime="20241118 23:52:36.895" endtime="20241118 23:52:36.896"/>
</branch>
<branch type="ELSE">
<kw name="Set Selenium Speed" library="SeleniumLibrary">
<arg>${DELAY}</arg>
<doc>Sets the delay that is waited after each Selenium command.</doc>
<status status="PASS" starttime="20241118 23:52:36.896" endtime="20241118 23:52:36.896"/>
</kw>
<status status="PASS" starttime="20241118 23:52:36.896" endtime="20241118 23:52:36.897"/>
</branch>
<status status="PASS" starttime="20241118 23:52:36.895" endtime="20241118 23:52:36.897"/>
</if>
<kw name="Open Browser" library="SeleniumLibrary">
<arg>browser=${BROWSER}</arg>
<arg>options=${options}</arg>
<doc>Opens a new browser instance to the optional ``url``.</doc>
<msg timestamp="20241118 23:52:36.898" level="INFO">Opening browser 'chrome' to base url 'None'.</msg>
<msg timestamp="20241118 23:52:36.964" level="WARN">The chromedriver version (130.0.6723.91) detected in PATH at /usr/bin/chromedriver might not be compatible with the detected chrome version (131.0.6778.69); currently, chromedriver 131.0.6778.69 is recommended for chrome 131.*, so it is advised to delete the driver in PATH and retry</msg>
<status status="PASS" starttime="20241118 23:52:36.897" endtime="20241118 23:52:37.486"/>
</kw>
<status status="PASS" starttime="20241118 23:52:36.893" endtime="20241118 23:52:37.486"/>
</kw>
<test id="s1-s3-t1" name="Register With Valid Username And Password" line="9">
<kw name="Reset Application Create User And Go To Register Page" type="SETUP">
<kw name="Reset Application" library="AppLibrary">
<status status="PASS" starttime="20241118 23:52:37.487" endtime="20241118 23:52:37.490"/>
</kw>
<kw name="Create User" library="AppLibrary">
<arg>kalle</arg>
<arg>kalle123</arg>
<status status="PASS" starttime="20241118 23:52:37.490" endtime="20241118 23:52:37.500"/>
</kw>
<kw name="Go To Register Page" library="resource">
<kw name="Go To" library="SeleniumLibrary">
<arg>${REGISTER_URL}</arg>
<doc>Navigates the current browser window to the provided ``url``.</doc>
<msg timestamp="20241118 23:52:37.501" level="INFO">Opening url 'http://localhost:5001/register'</msg>
<status status="PASS" starttime="20241118 23:52:37.501" endtime="20241118 23:52:38.069"/>
</kw>
<status status="PASS" starttime="20241118 23:52:37.500" endtime="20241118 23:52:38.069"/>
</kw>
<status status="PASS" starttime="20241118 23:52:37.487" endtime="20241118 23:52:38.070"/>
</kw>
<kw name="Set Username">
<arg>pekka</arg>
<kw name="Input Text" library="SeleniumLibrary">
<arg>username</arg>
<arg>${username}</arg>
<doc>Types the given ``text`` into the text field identified by ``locator``.</doc>
<msg timestamp="20241118 23:52:38.071" level="INFO">Typing text 'pekka' into text field 'username'.</msg>
<status status="PASS" starttime="20241118 23:52:38.070" endtime="20241118 23:52:39.683"/>
</kw>
<status status="PASS" starttime="20241118 23:52:38.070" endtime="20241118 23:52:39.683"/>
</kw>
<kw name="Set Password">
<arg>pekka123</arg>
<kw name="Input Password" library="SeleniumLibrary">
<arg>password</arg>
<arg>${password}</arg>
<doc>Types the given password into the text field identified by ``locator``.</doc>
<msg timestamp="20241118 23:52:39.685" level="INFO">Typing password into text field 'password'.</msg>
<msg timestamp="20241118 23:52:40.725" level="INFO">Temporally setting log level to: NONE</msg>
<msg timestamp="20241118 23:52:41.261" level="INFO">Log level changed from NONE to INFO.</msg>
<status status="PASS" starttime="20241118 23:52:39.684" endtime="20241118 23:52:41.261"/>
</kw>
<status status="PASS" starttime="20241118 23:52:39.684" endtime="20241118 23:52:41.261"/>
</kw>
<kw name="Set Password confirmation">
<arg>pekka123</arg>
<kw name="Input Password confirmation">
<arg>password_confirmation</arg>
<arg>${password_confirmation}</arg>
<msg timestamp="20241118 23:52:41.267" level="FAIL">No keyword with name 'Input Password confirmation' found. Did you mean:
    Set Password Confirmation</msg>
<status status="FAIL" starttime="20241118 23:52:41.267" endtime="20241118 23:52:41.268"/>
</kw>
<status status="FAIL" starttime="20241118 23:52:41.261" endtime="20241118 23:52:41.268"/>
</kw>
<kw name="Submit Credentials">
<status status="NOT RUN" starttime="20241118 23:52:41.268" endtime="20241118 23:52:41.268"/>
</kw>
<status status="FAIL" starttime="20241118 23:52:37.486" endtime="20241118 23:52:41.268">No keyword with name 'Input Password confirmation' found. Did you mean:
    Set Password Confirmation</status>
</test>
<test id="s1-s3-t2" name="Register With Too Short Username And Valid Password" line="15">
<kw name="Reset Application Create User And Go To Register Page" type="SETUP">
<kw name="Reset Application" library="AppLibrary">
<status status="PASS" starttime="20241118 23:52:41.270" endtime="20241118 23:52:41.275"/>
</kw>
<kw name="Create User" library="AppLibrary">
<arg>kalle</arg>
<arg>kalle123</arg>
<status status="PASS" starttime="20241118 23:52:41.275" endtime="20241118 23:52:41.285"/>
</kw>
<kw name="Go To Register Page" library="resource">
<kw name="Go To" library="SeleniumLibrary">
<arg>${REGISTER_URL}</arg>
<doc>Navigates the current browser window to the provided ``url``.</doc>
<msg timestamp="20241118 23:52:41.286" level="INFO">Opening url 'http://localhost:5001/register'</msg>
<status status="PASS" starttime="20241118 23:52:41.286" endtime="20241118 23:52:41.828"/>
</kw>
<status status="PASS" starttime="20241118 23:52:41.285" endtime="20241118 23:52:41.828"/>
</kw>
<status status="PASS" starttime="20241118 23:52:41.270" endtime="20241118 23:52:41.828"/>
</kw>
<kw name="Set Username">
<arg>a</arg>
<kw name="Input Text" library="SeleniumLibrary">
<arg>username</arg>
<arg>${username}</arg>
<doc>Types the given ``text`` into the text field identified by ``locator``.</doc>
<msg timestamp="20241118 23:52:41.830" level="INFO">Typing text 'a' into text field 'username'.</msg>
<status status="PASS" starttime="20241118 23:52:41.829" endtime="20241118 23:52:43.402"/>
</kw>
<status status="PASS" starttime="20241118 23:52:41.829" endtime="20241118 23:52:43.402"/>
</kw>
<kw name="Set Password">
<arg>zalazana123</arg>
<kw name="Input Password" library="SeleniumLibrary">
<arg>password</arg>
<arg>${password}</arg>
<doc>Types the given password into the text field identified by ``locator``.</doc>
<msg timestamp="20241118 23:52:43.403" level="INFO">Typing password into text field 'password'.</msg>
<msg timestamp="20241118 23:52:44.430" level="INFO">Temporally setting log level to: NONE</msg>
<msg timestamp="20241118 23:52:44.968" level="INFO">Log level changed from NONE to INFO.</msg>
<status status="PASS" starttime="20241118 23:52:43.403" endtime="20241118 23:52:44.968"/>
</kw>
<status status="PASS" starttime="20241118 23:52:43.402" endtime="20241118 23:52:44.968"/>
</kw>
<kw name="Set Password confirmation">
<arg>zalazana123</arg>
<kw name="Input Password confirmation">
<arg>password_confirmation</arg>
<arg>${password_confirmation}</arg>
<msg timestamp="20241118 23:52:44.973" level="FAIL">No keyword with name 'Input Password confirmation' found. Did you mean:
    Set Password Confirmation</msg>
<status status="FAIL" starttime="20241118 23:52:44.973" endtime="20241118 23:52:44.974"/>
</kw>
<status status="FAIL" starttime="20241118 23:52:44.969" endtime="20241118 23:52:44.974"/>
</kw>
<kw name="Submit Credentials">
<status status="NOT RUN" starttime="20241118 23:52:44.974" endtime="20241118 23:52:44.974"/>
</kw>
<kw name="Register Should Fail With Message">
<arg>Username is too short</arg>
<status status="NOT RUN" starttime="20241118 23:52:44.974" endtime="20241118 23:52:44.974"/>
</kw>
<status status="FAIL" starttime="20241118 23:52:41.269" endtime="20241118 23:52:44.974">No keyword with name 'Input Password confirmation' found. Did you mean:
    Set Password Confirmation</status>
</test>
<test id="s1-s3-t3" name="Register With Valid Username And Too Short Password" line="22">
<kw name="Reset Application Create User And Go To Register Page" type="SETUP">
<kw name="Reset Application" library="AppLibrary">
<status status="PASS" starttime="20241118 23:52:44.976" endtime="20241118 23:52:44.980"/>
</kw>
<kw name="Create User" library="AppLibrary">
<arg>kalle</arg>
<arg>kalle123</arg>
<status status="PASS" starttime="20241118 23:52:44.980" endtime="20241118 23:52:44.988"/>
</kw>
<kw name="Go To Register Page" library="resource">
<kw name="Go To" library="SeleniumLibrary">
<arg>${REGISTER_URL}</arg>
<doc>Navigates the current browser window to the provided ``url``.</doc>
<msg timestamp="20241118 23:52:44.989" level="INFO">Opening url 'http://localhost:5001/register'</msg>
<status status="PASS" starttime="20241118 23:52:44.989" endtime="20241118 23:52:45.523"/>
</kw>
<status status="PASS" starttime="20241118 23:52:44.988" endtime="20241118 23:52:45.523"/>
</kw>
<status status="PASS" starttime="20241118 23:52:44.975" endtime="20241118 23:52:45.524"/>
</kw>
<kw name="Set Username">
<arg>jaakko</arg>
<kw name="Input Text" library="SeleniumLibrary">
<arg>username</arg>
<arg>${username}</arg>
<doc>Types the given ``text`` into the text field identified by ``locator``.</doc>
<msg timestamp="20241118 23:52:45.526" level="INFO">Typing text 'jaakko' into text field 'username'.</msg>
<status status="PASS" starttime="20241118 23:52:45.525" endtime="20241118 23:52:47.097"/>
</kw>
<status status="PASS" starttime="20241118 23:52:45.524" endtime="20241118 23:52:47.097"/>
</kw>
<kw name="Set Password">
<arg>jaak123</arg>
<kw name="Input Password" library="SeleniumLibrary">
<arg>password</arg>
<arg>${password}</arg>
<doc>Types the given password into the text field identified by ``locator``.</doc>
<msg timestamp="20241118 23:52:47.099" level="INFO">Typing password into text field 'password'.</msg>
<msg timestamp="20241118 23:52:48.133" level="INFO">Temporally setting log level to: NONE</msg>
<msg timestamp="20241118 23:52:48.669" level="INFO">Log level changed from NONE to INFO.</msg>
<status status="PASS" starttime="20241118 23:52:47.098" endtime="20241118 23:52:48.669"/>
</kw>
<status status="PASS" starttime="20241118 23:52:47.098" endtime="20241118 23:52:48.669"/>
</kw>
<kw name="Set Password confirmation">
<arg>jaak123</arg>
<kw name="Input Password confirmation">
<arg>password_confirmation</arg>
<arg>${password_confirmation}</arg>
<msg timestamp="20241118 23:52:48.675" level="FAIL">No keyword with name 'Input Password confirmation' found. Did you mean:
    Set Password Confirmation</msg>
<status status="FAIL" starttime="20241118 23:52:48.675" endtime="20241118 23:52:48.675"/>
</kw>
<status status="FAIL" starttime="20241118 23:52:48.669" endtime="20241118 23:52:48.676"/>
</kw>
<kw name="Submit Credentials">
<status status="NOT RUN" starttime="20241118 23:52:48.676" endtime="20241118 23:52:48.676"/>
</kw>
<kw name="Register Should Fail With Message">
<arg>Password is too short</arg>
<status status="NOT RUN" starttime="20241118 23:52:48.676" endtime="20241118 23:52:48.676"/>
</kw>
<status status="FAIL" starttime="20241118 23:52:44.975" endtime="20241118 23:52:48.676">No keyword with name 'Input Password confirmation' found. Did you mean:
    Set Password Confirmation</status>
</test>
<test id="s1-s3-t4" name="Register With Valid Username And Invalid Password" line="29">
<kw name="Reset Application Create User And Go To Register Page" type="SETUP">
<kw name="Reset Application" library="AppLibrary">
<status status="PASS" starttime="20241118 23:52:48.678" endtime="20241118 23:52:48.682"/>
</kw>
<kw name="Create User" library="AppLibrary">
<arg>kalle</arg>
<arg>kalle123</arg>
<status status="PASS" starttime="20241118 23:52:48.682" endtime="20241118 23:52:48.691"/>
</kw>
<kw name="Go To Register Page" library="resource">
<kw name="Go To" library="SeleniumLibrary">
<arg>${REGISTER_URL}</arg>
<doc>Navigates the current browser window to the provided ``url``.</doc>
<msg timestamp="20241118 23:52:48.692" level="INFO">Opening url 'http://localhost:5001/register'</msg>
<status status="PASS" starttime="20241118 23:52:48.692" endtime="20241118 23:52:49.235"/>
</kw>
<status status="PASS" starttime="20241118 23:52:48.692" endtime="20241118 23:52:49.235"/>
</kw>
<status status="PASS" starttime="20241118 23:52:48.678" endtime="20241118 23:52:49.236"/>
</kw>
<kw name="Set Username">
<arg>jaakko</arg>
<kw name="Input Text" library="SeleniumLibrary">
<arg>username</arg>
<arg>${username}</arg>
<doc>Types the given ``text`` into the text field identified by ``locator``.</doc>
<msg timestamp="20241118 23:52:49.238" level="INFO">Typing text 'jaakko' into text field 'username'.</msg>
<status status="PASS" starttime="20241118 23:52:49.237" endtime="20241118 23:52:50.799"/>
</kw>
<status status="PASS" starttime="20241118 23:52:49.236" endtime="20241118 23:52:50.799"/>
</kw>
<kw name="Set Password">
<arg>jaakkooo</arg>
<kw name="Input Password" library="SeleniumLibrary">
<arg>password</arg>
<arg>${password}</arg>
<doc>Types the given password into the text field identified by ``locator``.</doc>
<msg timestamp="20241118 23:52:50.801" level="INFO">Typing password into text field 'password'.</msg>
<msg timestamp="20241118 23:52:51.835" level="INFO">Temporally setting log level to: NONE</msg>
<msg timestamp="20241118 23:52:52.367" level="INFO">Log level changed from NONE to INFO.</msg>
<status status="PASS" starttime="20241118 23:52:50.800" endtime="20241118 23:52:52.367"/>
</kw>
<status status="PASS" starttime="20241118 23:52:50.800" endtime="20241118 23:52:52.367"/>
</kw>
<kw name="Set Password confirmation">
<arg>jaakkooo</arg>
<kw name="Input Password confirmation">
<arg>password_confirmation</arg>
<arg>${password_confirmation}</arg>
<msg timestamp="20241118 23:52:52.373" level="FAIL">No keyword with name 'Input Password confirmation' found. Did you mean:
    Set Password Confirmation</msg>
<status status="FAIL" starttime="20241118 23:52:52.373" endtime="20241118 23:52:52.373"/>
</kw>
<status status="FAIL" starttime="20241118 23:52:52.368" endtime="20241118 23:52:52.373"/>
</kw>
<kw name="Submit Credentials">
<status status="NOT RUN" starttime="20241118 23:52:52.373" endtime="20241118 23:52:52.374"/>
</kw>
<kw name="Register Should Fail With Message">
<arg>Password is invalid</arg>
<status status="NOT RUN" starttime="20241118 23:52:52.374" endtime="20241118 23:52:52.374"/>
</kw>
<status status="FAIL" starttime="20241118 23:52:48.677" endtime="20241118 23:52:52.374">No keyword with name 'Input Password confirmation' found. Did you mean:
    Set Password Confirmation</status>
</test>
<test id="s1-s3-t5" name="Register With Nonmatching Password And Password Confirmation" line="36">
<kw name="Reset Application Create User And Go To Register Page" type="SETUP">
<kw name="Reset Application" library="AppLibrary">
<status status="PASS" starttime="20241118 23:52:52.376" endtime="20241118 23:52:52.380"/>
</kw>
<kw name="Create User" library="AppLibrary">
<arg>kalle</arg>
<arg>kalle123</arg>
<status status="PASS" starttime="20241118 23:52:52.380" endtime="20241118 23:52:52.388"/>
</kw>
<kw name="Go To Register Page" library="resource">
<kw name="Go To" library="SeleniumLibrary">
<arg>${REGISTER_URL}</arg>
<doc>Navigates the current browser window to the provided ``url``.</doc>
<msg timestamp="20241118 23:52:52.389" level="INFO">Opening url 'http://localhost:5001/register'</msg>
<status status="PASS" starttime="20241118 23:52:52.389" endtime="20241118 23:52:52.921"/>
</kw>
<status status="PASS" starttime="20241118 23:52:52.389" endtime="20241118 23:52:52.921"/>
</kw>
<status status="PASS" starttime="20241118 23:52:52.375" endtime="20241118 23:52:52.921"/>
</kw>
<kw name="Set Username">
<arg>jaakko</arg>
<kw name="Input Text" library="SeleniumLibrary">
<arg>username</arg>
<arg>${username}</arg>
<doc>Types the given ``text`` into the text field identified by ``locator``.</doc>
<msg timestamp="20241118 23:52:52.923" level="INFO">Typing text 'jaakko' into text field 'username'.</msg>
<status status="PASS" starttime="20241118 23:52:52.922" endtime="20241118 23:52:54.499"/>
</kw>
<status status="PASS" starttime="20241118 23:52:52.921" endtime="20241118 23:52:54.499"/>
</kw>
<kw name="Set Password">
<arg>jaakko123</arg>
<kw name="Input Password" library="SeleniumLibrary">
<arg>password</arg>
<arg>${password}</arg>
<doc>Types the given password into the text field identified by ``locator``.</doc>
<msg timestamp="20241118 23:52:54.501" level="INFO">Typing password into text field 'password'.</msg>
<msg timestamp="20241118 23:52:55.535" level="INFO">Temporally setting log level to: NONE</msg>
<msg timestamp="20241118 23:52:56.069" level="INFO">Log level changed from NONE to INFO.</msg>
<status status="PASS" starttime="20241118 23:52:54.500" endtime="20241118 23:52:56.069"/>
</kw>
<status status="PASS" starttime="20241118 23:52:54.500" endtime="20241118 23:52:56.069"/>
</kw>
<kw name="Set Password confirmation">
<arg>jaakko321</arg>
<kw name="Input Password confirmation">
<arg>password_confirmation</arg>
<arg>${password_confirmation}</arg>
<msg timestamp="20241118 23:52:56.076" level="FAIL">No keyword with name 'Input Password confirmation' found. Did you mean:
    Set Password Confirmation</msg>
<status status="FAIL" starttime="20241118 23:52:56.075" endtime="20241118 23:52:56.076"/>
</kw>
<status status="FAIL" starttime="20241118 23:52:56.070" endtime="20241118 23:52:56.076"/>
</kw>
<kw name="Submit Credentials">
<status status="NOT RUN" starttime="20241118 23:52:56.076" endtime="20241118 23:52:56.076"/>
</kw>
<kw name="Register Should Fail With Message">
<arg>Password and password confirmation don't match</arg>
<status status="NOT RUN" starttime="20241118 23:52:56.076" endtime="20241118 23:52:56.076"/>
</kw>
<status status="FAIL" starttime="20241118 23:52:52.375" endtime="20241118 23:52:56.077">No keyword with name 'Input Password confirmation' found. Did you mean:
    Set Password Confirmation</status>
</test>
<test id="s1-s3-t6" name="Register With Username That Is Already In Use" line="43">
<kw name="Reset Application Create User And Go To Register Page" type="SETUP">
<kw name="Reset Application" library="AppLibrary">
<status status="PASS" starttime="20241118 23:52:56.078" endtime="20241118 23:52:56.083"/>
</kw>
<kw name="Create User" library="AppLibrary">
<arg>kalle</arg>
<arg>kalle123</arg>
<status status="PASS" starttime="20241118 23:52:56.083" endtime="20241118 23:52:56.091"/>
</kw>
<kw name="Go To Register Page" library="resource">
<kw name="Go To" library="SeleniumLibrary">
<arg>${REGISTER_URL}</arg>
<doc>Navigates the current browser window to the provided ``url``.</doc>
<msg timestamp="20241118 23:52:56.092" level="INFO">Opening url 'http://localhost:5001/register'</msg>
<status status="PASS" starttime="20241118 23:52:56.092" endtime="20241118 23:52:56.627"/>
</kw>
<status status="PASS" starttime="20241118 23:52:56.091" endtime="20241118 23:52:56.628"/>
</kw>
<status status="PASS" starttime="20241118 23:52:56.078" endtime="20241118 23:52:56.628"/>
</kw>
<kw name="Set Username">
<arg>pekka</arg>
<kw name="Input Text" library="SeleniumLibrary">
<arg>username</arg>
<arg>${username}</arg>
<doc>Types the given ``text`` into the text field identified by ``locator``.</doc>
<msg timestamp="20241118 23:52:56.629" level="INFO">Typing text 'pekka' into text field 'username'.</msg>
<status status="PASS" starttime="20241118 23:52:56.629" endtime="20241118 23:52:58.208"/>
</kw>
<status status="PASS" starttime="20241118 23:52:56.628" endtime="20241118 23:52:58.208"/>
</kw>
<kw name="Set Password">
<arg>pekka123</arg>
<kw name="Input Password" library="SeleniumLibrary">
<arg>password</arg>
<arg>${password}</arg>
<doc>Types the given password into the text field identified by ``locator``.</doc>
<msg timestamp="20241118 23:52:58.210" level="INFO">Typing password into text field 'password'.</msg>
<msg timestamp="20241118 23:52:59.238" level="INFO">Temporally setting log level to: NONE</msg>
<msg timestamp="20241118 23:52:59.788" level="INFO">Log level changed from NONE to INFO.</msg>
<status status="PASS" starttime="20241118 23:52:58.210" endtime="20241118 23:52:59.789"/>
</kw>
<status status="PASS" starttime="20241118 23:52:58.209" endtime="20241118 23:52:59.789"/>
</kw>
<kw name="Set Password confirmation">
<arg>jaakko321</arg>
<kw name="Input Password confirmation">
<arg>password_confirmation</arg>
<arg>${password_confirmation}</arg>
<msg timestamp="20241118 23:52:59.795" level="FAIL">No keyword with name 'Input Password confirmation' found. Did you mean:
    Set Password Confirmation</msg>
<status status="FAIL" starttime="20241118 23:52:59.795" endtime="20241118 23:52:59.795"/>
</kw>
<status status="FAIL" starttime="20241118 23:52:59.789" endtime="20241118 23:52:59.795"/>
</kw>
<kw name="Submit Credentials">
<status status="NOT RUN" starttime="20241118 23:52:59.795" endtime="20241118 23:52:59.795"/>
</kw>
<kw name="Register Should Fail With Message">
<arg>Username already exists</arg>
<status status="NOT RUN" starttime="20241118 23:52:59.796" endtime="20241118 23:52:59.796"/>
</kw>
<status status="FAIL" starttime="20241118 23:52:56.077" endtime="20241118 23:52:59.796">No keyword with name 'Input Password confirmation' found. Did you mean:
    Set Password Confirmation</status>
</test>
<kw name="Close Browser" library="SeleniumLibrary" type="TEARDOWN">
<doc>Closes the current browser.</doc>
<status status="PASS" starttime="20241118 23:52:59.797" endtime="20241118 23:53:00.355"/>
</kw>
<status status="FAIL" starttime="20241118 23:52:36.888" endtime="20241118 23:53:00.355"/>
</suite>
<status status="FAIL" starttime="20241118 23:52:08.040" endtime="20241118 23:53:00.359"/>
</suite>
<statistics>
<total>
<stat pass="5" fail="6" skip="0">All Tests</stat>
</total>
<tag>
</tag>
<suite>
<stat pass="5" fail="6" skip="0" id="s1" name="Tests">Tests</stat>
<stat pass="2" fail="0" skip="0" id="s1-s1" name="Home">Tests.Home</stat>
<stat pass="3" fail="0" skip="0" id="s1-s2" name="Login">Tests.Login</stat>
<stat pass="0" fail="6" skip="0" id="s1-s3" name="Register">Tests.Register</stat>
</suite>
</statistics>
<errors>
<msg timestamp="20241118 23:52:08.311" level="WARN">The chromedriver version (130.0.6723.91) detected in PATH at /usr/bin/chromedriver might not be compatible with the detected chrome version (131.0.6778.69); currently, chromedriver 131.0.6778.69 is recommended for chrome 131.*, so it is advised to delete the driver in PATH and retry</msg>
<msg timestamp="20241118 23:52:14.839" level="WARN">The chromedriver version (130.0.6723.91) detected in PATH at /usr/bin/chromedriver might not be compatible with the detected chrome version (131.0.6778.69); currently, chromedriver 131.0.6778.69 is recommended for chrome 131.*, so it is advised to delete the driver in PATH and retry</msg>
<msg timestamp="20241118 23:52:36.964" level="WARN">The chromedriver version (130.0.6723.91) detected in PATH at /usr/bin/chromedriver might not be compatible with the detected chrome version (131.0.6778.69); currently, chromedriver 131.0.6778.69 is recommended for chrome 131.*, so it is advised to delete the driver in PATH and retry</msg>
</errors>
</robot>
